<?xml version="1.0" encoding="UTF-8"?>
<coverage generated="1667564960548" clover="3.2.0">
  <project timestamp="1667564960548" name="All files">
    <metrics statements="27" coveredstatements="23" conditionals="4" coveredconditionals="4" methods="8" coveredmethods="5" elements="39" coveredelements="32" complexity="0" loc="27" ncloc="27" packages="1" files="3" classes="3"/>
    <file name="Board.tsx" path="/Users/sofiacotter/Desktop/Apps/AwesomeTSProject/src/Board.tsx">
      <metrics statements="14" coveredstatements="13" conditionals="2" coveredconditionals="2" methods="4" coveredmethods="3"/>
      <line num="12" count="1" type="stmt"/>
      <line num="13" count="1" type="stmt"/>
      <line num="14" count="9" type="cond" truecount="2" falsecount="0"/>
      <line num="15" count="9" type="stmt"/>
      <line num="21" count="0" type="stmt"/>
      <line num="27" count="1" type="stmt"/>
      <line num="28" count="1" type="stmt"/>
      <line num="29" count="1" type="stmt"/>
      <line num="30" count="3" type="stmt"/>
      <line num="31" count="3" type="stmt"/>
      <line num="32" count="9" type="stmt"/>
      <line num="34" count="3" type="stmt"/>
      <line num="40" count="1" type="stmt"/>
      <line num="43" count="1" type="stmt"/>
    </file>
    <file name="Square.tsx" path="/Users/sofiacotter/Desktop/Apps/AwesomeTSProject/src/Square.tsx">
      <metrics statements="12" coveredstatements="9" conditionals="2" coveredconditionals="2" methods="4" coveredmethods="2"/>
      <line num="31" count="1" type="stmt"/>
      <line num="33" count="9" type="stmt"/>
      <line num="35" count="9" type="stmt"/>
      <line num="36" count="9" type="stmt"/>
      <line num="42" count="9" type="stmt"/>
      <line num="43" count="0" type="stmt"/>
      <line num="45" count="9" type="stmt"/>
      <line num="46" count="0" type="stmt"/>
      <line num="47" count="0" type="stmt"/>
      <line num="52" count="9" type="cond" truecount="2" falsecount="0"/>
      <line num="53" count="3" type="stmt"/>
      <line num="65" count="6" type="stmt"/>
    </file>
    <file name="stylesheet.tsx" path="/Users/sofiacotter/Desktop/Apps/AwesomeTSProject/src/stylesheet.tsx">
      <metrics statements="1" coveredstatements="1" conditionals="0" coveredconditionals="0" methods="0" coveredmethods="0"/>
      <line num="3" count="1" type="stmt"/>
    </file>
  </project>
</coverage>
