{"/Users/sofiacotter/Desktop/Apps/AwesomeTSProject/src/Square.tsx": {"path":"/Users/sofiacotter/Desktop/Apps/AwesomeTSProject/src/Square.tsx","statementMap":{"0":{"start":{"line":31,"column":15},"end":{"line":73,"column":1}},"1":{"start":{"line":33,"column":16},"end":{"line":33,"column":33}},"2":{"start":{"line":35,"column":25},"end":{"line":40,"column":8}},"3":{"start":{"line":36,"column":4},"end":{"line":39,"column":6}},"4":{"start":{"line":42,"column":24},"end":{"line":44,"column":3}},"5":{"start":{"line":43,"column":4},"end":{"line":43,"column":53}},"6":{"start":{"line":45,"column":20},"end":{"line":48,"column":3}},"7":{"start":{"line":46,"column":4},"end":{"line":46,"column":20}},"8":{"start":{"line":47,"column":4},"end":{"line":47,"column":14}},"9":{"start":{"line":52,"column":2},"end":{"line":64,"column":3}},"10":{"start":{"line":53,"column":4},"end":{"line":63,"column":6}},"11":{"start":{"line":65,"column":2},"end":{"line":72,"column":4}}},"fnMap":{"0":{"name":"(anonymous_0)","decl":{"start":{"line":31,"column":15},"end":{"line":31,"column":16}},"loc":{"start":{"line":31,"column":70},"end":{"line":73,"column":1}},"line":31},"1":{"name":"(anonymous_1)","decl":{"start":{"line":35,"column":42},"end":{"line":35,"column":43}},"loc":{"start":{"line":35,"column":48},"end":{"line":40,"column":3}},"line":35},"2":{"name":"(anonymous_2)","decl":{"start":{"line":42,"column":24},"end":{"line":42,"column":25}},"loc":{"start":{"line":42,"column":36},"end":{"line":44,"column":3}},"line":42},"3":{"name":"(anonymous_3)","decl":{"start":{"line":45,"column":20},"end":{"line":45,"column":21}},"loc":{"start":{"line":45,"column":32},"end":{"line":48,"column":3}},"line":45}},"branchMap":{"0":{"loc":{"start":{"line":52,"column":2},"end":{"line":64,"column":3}},"type":"if","locations":[{"start":{"line":52,"column":2},"end":{"line":64,"column":3}},{"start":{},"end":{}}],"line":52}},"s":{"0":2,"1":14,"2":14,"3":14,"4":14,"5":1,"6":14,"7":1,"8":1,"9":14,"10":4,"11":10},"f":{"0":14,"1":14,"2":1,"3":1},"b":{"0":[4,10]},"_coverageSchema":"1a1c01bbd47fc00a2c39e90264f33305004495a9","hash":"a1e11431df5a3589914f6ec82baa42c0ba5e2eb4"}
,"/Users/sofiacotter/Desktop/Apps/AwesomeTSProject/src/stylesheet.tsx": {"path":"/Users/sofiacotter/Desktop/Apps/AwesomeTSProject/src/stylesheet.tsx","statementMap":{"0":{"start":{"line":3,"column":19},"end":{"line":184,"column":2}}},"fnMap":{},"branchMap":{},"s":{"0":2},"f":{},"b":{},"_coverageSchema":"1a1c01bbd47fc00a2c39e90264f33305004495a9","hash":"3cc0bc2e12efd8a265a328c6e8197b0ca1e84fb5"}
}
