TN:
SF:src/Board.tsx
FN:12,(anonymous_0)
FN:13,(anonymous_1)
FN:20,(anonymous_2)
FN:27,(anonymous_3)
FNF:4
FNH:3
FNDA:1,(anonymous_0)
FNDA:9,(anonymous_1)
FNDA:0,(anonymous_2)
FNDA:1,(anonymous_3)
DA:12,1
DA:13,1
DA:14,9
DA:15,9
DA:21,0
DA:27,1
DA:28,1
DA:29,1
DA:30,3
DA:31,3
DA:32,9
DA:34,3
DA:40,1
DA:43,1
LF:14
LH:13
BRDA:14,0,0,9
BRDA:14,0,1,9
BRF:2
BRH:2
end_of_record
TN:
SF:src/Square.tsx
FN:31,(anonymous_0)
FN:35,(anonymous_1)
FN:42,(anonymous_2)
FN:45,(anonymous_3)
FNF:4
FNH:2
FNDA:9,(anonymous_0)
FNDA:9,(anonymous_1)
FNDA:0,(anonymous_2)
FNDA:0,(anonymous_3)
DA:31,1
DA:33,9
DA:35,9
DA:36,9
DA:42,9
DA:43,0
DA:45,9
DA:46,0
DA:47,0
DA:52,9
DA:53,3
DA:65,6
LF:12
LH:9
BRDA:52,0,0,3
BRDA:52,0,1,6
BRF:2
BRH:2
end_of_record
TN:
SF:src/stylesheet.tsx
FNF:0
FNH:0
DA:3,1
LF:1
LH:1
BRF:0
BRH:0
end_of_record
